* commit 788329a02dfb2c2610338d7e3665eb6c0a228011
| Author: yangyf83 <yangyf83@aliyun.com>
| Date:   Fri Jan 13 23:40:43 2023 +0800
| 
|     fix a bug about table name
|   
*   commit ed61732095b7751731cf6b1dca48718a3bbe9d0d
|\  Merge: 3f8bded 9492eb4
| | Author: yangyf83 <yangyf83@aliyun.com>
| | Date:   Fri Jan 13 23:34:46 2023 +0800
| | 
| |     Merge pull request #6 from LeeAnnJ/backend_dev1
| |     
| |     Update ts-node
| | 
| * commit 9492eb40672e1a586e98ad1b9d5f73a68b2973c3
| | Author: yangyf83 <yangyf83@aliyun.com>
| | Date:   Fri Jan 13 22:50:19 2023 +0800
| | 
| |     update ts-node file
| | 
| * commit 71ae84149be1fd647c3ca0d0b315152650532f8e
| | Author: yangyf83 <yangyf83@aliyun.com>
| | Date:   Fri Jan 13 22:34:22 2023 +0800
| | 
| |     change folder interface
| | 
| * commit ba3dc2b59faa616328a619e832b67849b61dba9a
| | Author: yangyf83 <yangyf83@aliyun.com>
| | Date:   Fri Jan 13 19:58:54 2023 +0800
| | 
| |     fix a bug about account
| | 
* | commit 3f8bdedd3e2d1c42317f0d1b1d79206ab3708549
|\| Merge: 5cc0714 0d94243
| | Author: yangyf83 <yangyf83@aliyun.com>
| | Date:   Fri Jan 13 18:22:10 2023 +0800
| | 
| |     Merge pull request #5 from LeeAnnJ/backend_dev1
| |     
| |     Backend dev1
| |   
| *   commit 0d9424362e150aadf0a7268fb37b2fc32b086f66
| |\  Merge: cab53a1 5cc0714
| |/  Author: yangyf83 <yangyf83@aliyun.com>
|/|   Date:   Fri Jan 13 18:20:28 2023 +0800
| |   
| |       Merge branch 'backend-main' into backend-dev1
| |   
* |   commit 5cc0714ca6514fc235604517ec028d9afba6e88a
|\ \  Merge: abafdcc c17d277
| | | Author: LeeAnnJ <lee_ann.j@qq.com>
| | | Date:   Wed Jan 11 21:04:32 2023 +0800
| | | 
| | |     merge branch and check interface doc
| | |   
| * |   commit c17d277b75b3b6ffd661c90ef9f95dfb982120fd
| |\ \  Merge: bc04d90 0e24710
| | | | Author: yangyf83 <yangyf83@aliyun.com>
| | | | Date:   Wed Jan 11 17:04:09 2023 +0800
| | | | 
| | | |     Merge pull request #4 from LeeAnnJ/backend_dev1
| | | |     
| | | |     update readme and clean some comments
| | | | 
* | | | commit abafdcc7e1a2975668a86c3c253eab3aba412bce
| | | | Author: LeeAnnJ <lee_ann.j@qq.com>
| | | | Date:   Wed Jan 11 18:05:10 2023 +0800
| | | | 
| | | |     modify interface document
| | | | 
| | | * commit cab53a128662b049c0b96712b16bb7e5efb79a11
| | | | Author: yangyf83 <yangyf83@aliyun.com>
| | | | Date:   Fri Jan 13 18:18:27 2023 +0800
| | | | 
| | | |     update pre doc pic
| | | |   
| | | *   commit 1fbf27e035cf0aca3a8b9931643c4c29fa98833a
| | | |\  Merge: f0494db 27cfd8f
| | | | | Author: LeeAnnJ <lee_ann.j@qq.com>
| | | | | Date:   Fri Jan 13 12:20:51 2023 +0800
| | | | | 
| | | | |     Merge branch 'backend_dev1' of github.com:LeeAnnJ/Todo-list into backend_dev1
| | | | | 
| | | | * commit 27cfd8f190dbefb2160e1b645c5c563eecd94fd0
| | | | | Author: yangyf83 <yangyf83@aliyun.com>
| | | | | Date:   Fri Jan 13 12:15:53 2023 +0800
| | | | | 
| | | | |     fix a bug when insert task
| | | | | 
| | | * | commit f0494dbfc64c3f653afa9b12fc93fdb55f3cea42
| | | |\| Merge: ebd076e 7561908
| | | | | Author: LeeAnnJ <lee_ann.j@qq.com>
| | | | | Date:   Fri Jan 13 12:15:51 2023 +0800
| | | | | 
| | | | |     Merge branch 'backend_dev1' of github.com:LeeAnnJ/Todo-list into backend_dev1
| | | | |   
| | | | *   commit 756190872ff8d491f174ca01b9f39e755d1c91c6
| | | | |\  Merge: 88643a5 f034bcd
| | | | | | Author: yangyf83 <yangyf83@aliyun.com>
| | | | | | Date:   Fri Jan 13 11:51:28 2023 +0800
| | | | | | 
| | | | | |     Merge branch 'backend_dev1' of github.com:LeeAnnJ/Todo-list into backend-dev1
| | | | | | 
| | | | * | commit 88643a5b7028c510c202679e99176301b20978a9
| | | | | | Author: yangyf83 <yangyf83@aliyun.com>
| | | | | | Date:   Fri Jan 13 11:51:23 2023 +0800
| | | | | | 
| | | | | |     fixed a bug about task
| | | | | | 
| | | * | | commit ebd076e6175fa1fd2bccb79fd55eecc88b80e455
| | | | |/  Author: LeeAnnJ <lee_ann.j@qq.com>
| | | |/|   Date:   Fri Jan 13 12:15:22 2023 +0800
| | | | |   
| | | | |       little fix for task interface
| | | | | 
| | | * | commit f034bcd2f61b9ecf2971607734a2e28a7b189ef5
| | | |\| Merge: 7f0a041 dad962f
| | | | | Author: LeeAnnJ <lee_ann.j@qq.com>
| | | | | Date:   Fri Jan 13 11:26:25 2023 +0800
| | | | | 
| | | | |     Merge branch 'backend_dev1' of github.com:LeeAnnJ/Todo-list into backend_dev1
| | | | | 
| | | | * commit dad962fd686049a424ae05c53a8634b68fd4771b
| | | | | Author: yangyf83 <yangyf83@aliyun.com>
| | | | | Date:   Fri Jan 13 11:22:01 2023 +0800
| | | | | 
| | | | |     fix a typo
| | | | | 
| | | | * commit 23f92a0b641528f05932a430ef202bb363a48d80
| | | | | Author: yangyf83 <yangyf83@aliyun.com>
| | | | | Date:   Fri Jan 13 11:11:17 2023 +0800
| | | | | 
| | | | |     fix a bug about db column name
| | | | | 
| | | * | commit 7f0a04198d72cf824576e8d24bf3eb8136adf0b1
| | | |/  Author: LeeAnnJ <lee_ann.j@qq.com>
| | | |   Date:   Fri Jan 13 11:25:49 2023 +0800
| | | |   
| | | |       little modify database
| | | | 
| | | * commit 5a34da3521ef988b8fc1e482358ab23ee6342eaa
| | | | Author: yangyf83 <yangyf83@aliyun.com>
| | | | Date:   Fri Jan 13 11:02:54 2023 +0800
| | | | 
| | | |     fix a bug about time type about ts
| | | | 
| | | * commit 3693f8dc438dbb46289eecd58c529626d9a2f36d
| | | | Author: yangyf83 <yangyf83@aliyun.com>
| | | | Date:   Fri Jan 13 10:48:09 2023 +0800
| | | | 
| | | |     fix a bug about table name
| | | | 
| | | * commit e04ed122bb418d9fb45454d982f2a348badbd2a6
| | | | Author: yangyf83 <yangyf83@aliyun.com>
| | | | Date:   Thu Jan 12 15:33:22 2023 +0800
| | | | 
| | | |     add the cycle for task (Db changed)
| | | | 
| | | * commit 68da9d7c60cdb2ff469269039286e8a72a6b146c
| | |/  Author: yangyf83 <yangyf83@aliyun.com>
| | |   Date:   Thu Jan 12 10:53:38 2023 +0800
| | |   
| | |       fix some bugs about interfaces
| | | 
| | * commit 0e247109bacc97d5af4e846190953c970ab7d98d
| |/  Author: yangyf83 <yangyf83@aliyun.com>
| |   Date:   Wed Jan 11 17:02:51 2023 +0800
| |   
| |       update readme and clean some comments
| |   
| *   commit bc04d90fbfca89ba02f94c6515ecd4e7a9c6cf9c
| |\  Merge: c90b10e cfc892d
| | | Author: yangyf83 <yangyf83@aliyun.com>
| | | Date:   Wed Jan 11 16:47:24 2023 +0800
| | | 
| | |     Merge pull request #3 from LeeAnnJ/backend_dev1
| | |     
| | |     finish interfaces but I don't sure all right
| | | 
| | * commit cfc892d4cf076b8016658de51b80685bcd24c53b
| | | Author: yangyf83 <yangyf83@aliyun.com>
| | | Date:   Wed Jan 11 16:41:53 2023 +0800
| | | 
| | |     update task interface
| | | 
| | * commit 2aa50190ffe17a63508a6de0a9b54782a730ef03
| | | Author: yangyf83 <yangyf83@aliyun.com>
| | | Date:   Tue Jan 10 21:32:01 2023 +0800
| | | 
| | |     update avator
| | | 
| | * commit 0a7d874b8116309987dc78d78b5e43d0ee4e2d5b
| | | Author: yangyf83 <yangyf83@aliyun.com>
| | | Date:   Tue Jan 10 18:46:05 2023 +0800
| | | 
| | |     fix a bug about account interface
| | | 
| | * commit 38459211e8f34ee2a41c5d8ca1363d2b51426e26
| | | Author: LeeAnnJ <lee_ann.j@qq.com>
| | | Date:   Tue Jan 10 11:39:45 2023 +0800
| | | 
| | |     modified createAccount
| | | 
| | * commit 097370836e105cf5eeb25085208d25403d595764
| | | Author: yangyf83 <yangyf83@aliyun.com>
| | | Date:   Mon Jan 9 12:12:36 2023 +0800
| | | 
| | |     fix a typo
| | | 
| | * commit 543c52547a746dafedf010ee3170c98a7c729880
| | | Author: yangyf83 <yangyf83@aliyun.com>
| | | Date:   Sun Jan 8 22:32:27 2023 +0800
| | | 
| | |     Finish folder user
| | |     
| | |     现在功能就差Task没有实现完全
| | |     明早搞定task+debug 中午挨个挨个接口查一遍
| | | 
| | * commit 32d4d81b3241e9d39691d1dde895a125afea095e
| | | Author: yangyf83 <yangyf83@aliyun.com>
| | | Date:   Sun Jan 8 16:27:45 2023 +0800
| | | 
| | |     fix a bug about create account
| | | 
| | * commit a06e53aa0ad71ef58c09922b04c687ded6037812
| | | Author: LeeAnnJ <lee_ann.j@qq.com>
| | | Date:   Sun Jan 8 12:02:13 2023 +0800
| | | 
| | |     modify document and account interface
| | | 
| | * commit 1a153e45f64b321eaff4766a63f138b2e6040409
| | | Author: yangyf83 <yangyf83@aliyun.com>
| | | Date:   Sat Jan 7 15:57:11 2023 +0800
| | | 
| | |     update get interfaces but not tested
| | |   
| | *   commit ec82d8eebd5a95ae94fda07d2e5fa82ed35b1f3e
| | |\  Merge: 0bafc14 b9e9afc
| | | | Author: yangyf83 <yangyf83@aliyun.com>
| | | | Date:   Tue Jan 3 22:16:00 2023 +0800
| | | | 
| | | |     Merge branch 'backend_dev1' of github.com:LeeAnnJ/Todo-list into backend-dev1
| | | |   
| | | *   commit b9e9afc7c7a29f6b3fd6ce0a81b093d720edac2e
| | | |\  Merge: d2ff892 887f950
| | | | | Author: LeeAnnJ <lee_ann.j@qq.com>
| | | | | Date:   Tue Jan 3 22:14:04 2023 +0800
| | | | | 
| | | | |     Merge branch 'backend_dev1' of github.com:LeeAnnJ/Todo-list into backend_dev1
| | | | | 
| | | * | commit d2ff892df88e4664c42a6677826b98878fdf2bce
| | | | | Author: LeeAnnJ <lee_ann.j@qq.com>
| | | | | Date:   Tue Jan 3 22:07:24 2023 +0800
| | | | | 
| | | | |     before checkout i should clear the worktree
| | | | | 
| | * | | commit 0bafc149211b08a6f9f3e14fedd7a2c283d347bd
| | | |/  Author: yangyf83 <yangyf83@aliyun.com>
| | |/|   Date:   Tue Jan 3 22:15:55 2023 +0800
| | | |   
| | | |       fix a bug in create_account
| | | | 
| | * | commit 887f9505655cf7398557f0a6fee7568ccdf6d7b4
| | |/  Author: yangyf83 <yangyf83@aliyun.com>
| | |   Date:   Tue Jan 3 22:03:47 2023 +0800
| | |   
| | |       update interface
| | | 
| | * commit 1aea3e3ddce1fdc2a0f6fdc3ad8ab466e4f47341
| | | Author: yangyf83 <yangyf83@aliyun.com>
| | | Date:   Tue Jan 3 20:44:02 2023 +0800
| | | 
| | |     fix a bug about group
| | |   
| | *   commit 5c81a1d105cd761b47355c394613d66f9a1db384
| | |\  Merge: 619ec86 c90b10e
| | |/  Author: yangyf83 <yangyf83@aliyun.com>
| |/|   Date:   Tue Jan 3 20:24:58 2023 +0800
| | |   
| | |       Merge branch 'backend-main' into backend-dev1
| | | 
| * | commit c90b10e697da608840ac03731b692fdcd9b1f616
| | | Author: yangyf83 <yangyf83@mail2.sysu.edu.cn>
| | | Date:   Thu Dec 15 11:07:57 2022 +0800
| | | 
| | |     Revert "update the interfaces about task"
| | |     
| | |     This reverts commit 1e56711c07b210d8ac460023e0ebe42d91667a35.
| | | 
| | * commit 619ec86c7a8549db0281ebad80201c90246b64dd
| | | Author: yangyf83 <yangyf83@aliyun.com>
| | | Date:   Tue Jan 3 20:10:22 2023 +0800
| | | 
| | |     update a interface
| | |     
| | |     return all info about the user when getuserById
| | | 
| | * commit 19f857958c7a4efb51c86c6670ff96c11a299a3b
| | | Author: yangyf83 <yangyf83@aliyun.com>
| | | Date:   Tue Jan 3 20:04:05 2023 +0800
| | | 
| | |     fix a bug about database
| | | 
| | * commit a35e1a1618a4f2ac31e0e87e0cc58300f8f3e106
| | | Author: yangyf83 <yangyf83@aliyun.com>
| | | Date:   Mon Jan 2 23:41:23 2023 +0800
| | | 
| | |     update interfaces
| | |     
| | |     still have some problems about task and  folder
| | | 
| | * commit 34b29bceb5c2b826228c960ea49c822eda7069e8
| | | Author: yangyf83 <yangyf83@aliyun.com>
| | | Date:   Mon Jan 2 23:09:00 2023 +0800
| | | 
| | |     update the interfaces about the account and group
| | |   
| | *   commit 0be7bc8d5d0571605ad88d170114cc5c5f7a5faf
| | |\  Merge: 2e20746 88a6687
| | | | Author: yangyf83 <yangyf83@aliyun.com>
| | | | Date:   Mon Jan 2 21:13:10 2023 +0800
| | | | 
| | | |     Merge branch 'backend_dev1' of github.com:LeeAnnJ/Todo-list into backend-dev1
| | | |   
| | | *   commit 88a66874fde62a9c6d526af4d6fb094b4cadb703
| | | |\  Merge: 8fe674e 063e5f0
| | | | | Author: LeeAnnJ <lee_ann.j@qq.com>
| | | | | Date:   Mon Jan 2 19:41:25 2023 +0800
| | | | | 
| | | | |     Merge branch 'backend_dev1' of github.com:LeeAnnJ/Todo-list into backend_dev1
| | | | | 
| | | * | commit 8fe674efed6679fb5f1483cb1f77aeb8e0a0e4ab
| | | | | Author: LeeAnnJ <lee_ann.j@qq.com>
| | | | | Date:   Mon Jan 2 19:40:49 2023 +0800
| | | | | 
| | | | |     modify document
| | | | | 
| | * | | commit 2e20746cc6a98ae59eab1e201fa57e3e72076b78
| | | |/  Author: yangyf83 <yangyf83@aliyun.com>
| | |/|   Date:   Mon Jan 2 21:13:05 2023 +0800
| | | |   
| | | |       fix a bug about callback
| | | | 
| | * | commit 063e5f0355225cf377496598da0867860c12b76f
| | |/  Author: yangyf83 <yangyf83@aliyun.com>
| | |   Date:   Mon Jan 2 15:09:55 2023 +0800
| | |   
| | |       fix a bug about the export class
| | | 
| | * commit ad9efca11c24b2767a80cfd4691c5e2255f1d6bd
| | | Author: yangyf83 <yangyf83@aliyun.com>
| | | Date:   Fri Dec 30 22:18:56 2022 +0800
| | | 
| | |     add the commands to create a database user
| | | 
| | * commit 4cc4af6748c61c57041ac637324ccc07a97bdb29
| | | Author: yangyf83 <yangyf83@aliyun.com>
| | | Date:   Fri Dec 30 21:50:53 2022 +0800
| | | 
| | |     finished the interfaces about backend
| | | 
| | * commit c3419cb483aa08a111151f31f54734fb4fa573a1
| | | Author: yangyf83 <yangyf83@mail2.sysu.edu.cn>
| | | Date:   Fri Dec 16 08:10:53 2022 +0800
| | | 
| | |     update message interfaces
| | | 
| | * commit eb67eae8128f240a210326bc27d6ba733e6053cb
| | | Author: yangyf83 <yangyf83@mail2.sysu.edu.cn>
| | | Date:   Thu Dec 15 21:30:49 2022 +0800
| | | 
| | |     finish interfaces about task
| | | 
| | * commit 43814150647a37d885e21e5cddf875cc4fcd2490
| | | Author: yangyf83 <yangyf83@mail2.sysu.edu.cn>
| | | Date:   Thu Dec 15 20:56:08 2022 +0800
| | | 
| | |     finished the interfaces about task half
| | | 
| | * commit 27fc434cb87ed3ea05bc32b2a28b19101509949f
| |/  Author: yangyf83 <yangyf83@mail2.sysu.edu.cn>
| |   Date:   Thu Dec 15 14:44:43 2022 +0800
| |   
| |       update the interfaces about the user
| | 
| * commit 1e56711c07b210d8ac460023e0ebe42d91667a35
| | Author: yangyf83 <yangyf83@mail2.sysu.edu.cn>
| | Date:   Thu Dec 15 10:47:30 2022 +0800
| | 
| |     update the interfaces about task
| | 
| * commit 39ba220b9e636e32ea13666f1af14e3539f02e46
| | Author: yangyf83 <yangyf83@mail2.sysu.edu.cn>
| | Date:   Tue Dec 13 14:07:52 2022 +0800
| | 
| |     initial the new branch and update package.json
| | 
| * commit e85be2a4c064661fdfebc1a61ffd92a7ebb696fd
|/  Author: yangyf83 <yangyf83@mail2.sysu.edu.cn>
|   Date:   Tue Dec 13 08:14:55 2022 +0800
|   
|       update readme file
| 
* commit 8d8f557bcec3dc2c74f74b2dea5587115e745411
| Author: LeeAnnJ <lee_ann.j@qq.com>
| Date:   Mon Dec 12 22:02:07 2022 +0800
| 
|     update readme.md
| 
* commit a2da3762ce46100cea7204415bcd38edfb89f5e0
| Author: LeeAnnJ <lee_ann.j@qq.com>
| Date:   Mon Dec 12 21:50:23 2022 +0800
| 
|             new file:   build/app.js
|             new file:   build/bin/www
|             new file:   build/package.json
|             new file:   build/public/stylesheets/style.css
|             new file:   build/routes/index.js
|             new file:   build/routes/users.js
|             new file:   build/views/error.jade
|             new file:   build/views/index.jade
|             new file:   build/views/layout.jade
| 
* commit 610825c554c9144917ad558e49ff2590c355d1a1
| Author: yangyf83 <yangyf83@mail2.sysu.edu.cn>
| Date:   Mon Dec 12 21:46:11 2022 +0800
| 
|     update gitignore file and add ./bin/www
| 
* commit f1e8caeed69fb47f13fb2f58706d2391f9943f7c
| Author: yangyf83 <yangyf83@mail2.sysu.edu.cn>
| Date:   Mon Dec 12 21:28:21 2022 +0800
| 
|     fix the router bug
| 
* commit fa2b5810dc1aa33ead6bc4c0e6affa3797afa4bc
| Author: LeeAnnJ <lee_ann.j@qq.com>
| Date:   Sun Dec 11 20:47:54 2022 +0800
| 
|     update readme.md
| 
* commit a2366546de862a236a97c502d4c90a4f4ec53d38
| Author: yangyf83 <yangyf83@aliyun.com>
| Date:   Sun Dec 11 11:41:05 2022 +0800
| 
|     Delete .vscode directory
| 
* commit e8e2612462513ce17286b99a49f0782002f43792
| Author: yangyf83 <yangyf83@aliyun.com>
| Date:   Sun Dec 11 11:40:44 2022 +0800
| 
|     Update .gitignore
|     
|     ignore the folders created by ides.
| 
* commit a2c21b8fe153bece1d89970d59438dc7d2466f54
| Author: yangyf83 <yangyf83@mail2.sysu.edu.cn>
| Date:   Sun Dec 11 11:29:06 2022 +0800
| 
|     update router interfaces
| 
* commit a2c6c6898e7605fbfba2c10becfefcf8edd09438
| Author: yangyf83 <yangyf83@mail2.sysu.edu.cn>
| Date:   Sun Dec 11 11:18:20 2022 +0800
| 
|     initial interfaces
| 
* commit b5711902079541ecce2708efe82efe2fc7a4822f
| Author: yangyf83 <yangyf83@mail2.sysu.edu.cn>
| Date:   Sun Dec 11 01:07:01 2022 +0800
| 
|     unfinished commit
| 
* commit bd6031f913b661fd157341ecfc48923203d6f93c
| Author: yangyf83 <yangyf83@mail2.sysu.edu.cn>
| Date:   Sun Dec 11 00:50:13 2022 +0800
| 
|     finish the router about account
| 
* commit c12331e60668686b4b1d52502fff3390926fff95
| Author: yangyf83 <yangyf83@mail2.sysu.edu.cn>
| Date:   Sun Dec 11 00:03:08 2022 +0800
| 
|     alomost finish dbrepo
| 
* commit bc4e35b42792672d82c58beca7231107c7e61cfc
| Author: yangyf83 <yangyf83@mail2.sysu.edu.cn>
| Date:   Sat Dec 10 18:35:59 2022 +0800
| 
|     create group controller
| 
* commit ef1d1c55a54ee7a7dd0ec822481232328e8c5407
| Author: yangyf83 <yangyf83@mail2.sysu.edu.cn>
| Date:   Fri Dec 9 23:29:06 2022 +0800
| 
|     add the defination of the entity classes
| 
* commit 464946bb631f91c8e77c1cc93a50212cf8cead23
| Author: yangyf83 <yangyf83@mail2.sysu.edu.cn>
| Date:   Fri Dec 9 21:54:34 2022 +0800
| 
|     finish 3 part of definions of routers.
|     
|     finish base router
|     finish account router
|     finish task router
| 
* commit 80fd2d0c3ebd2cba4d9502715071882db5d0c88c
| Author: yangyf83 <yangyf83@mail2.sysu.edu.cn>
| Date:   Fri Dec 9 11:31:38 2022 +0800
| 
|     first commit after rebuild
|     
|     （是谁准备周六搞完周四重构啊）
| 
* commit ea668aa581666abd090ad3e41b45e335a4858761
| Author: yangyf83 <yangyf83@aliyun.com>
| Date:   Sun Dec 4 13:37:14 2022 +0800
| 
|     add database docs
| 
* commit 177579f77d05cba4009892a74b6feef4136e4faf
| Author: yangyf83 <yangyf83@aliyun.com>
| Date:   Sat Dec 3 22:54:06 2022 +0800
| 
|     clean the branch and ready to init the backend
| 
* commit c972c3114d479230099125051f15caba8c9de9e9
| Author: LeeAnnJ <112742129+LeeAnnJ@users.noreply.github.com>
| Date:   Tue Nov 15 00:24:32 2022 +0800
| 
|     想留个后端的分支
| 
* commit d0de09c544ea8f86f8a3537338a8ad5f69de2576
  Author: LeeAnnJ <lee_ann.j@qq.com>
  Date:   Mon Nov 14 20:31:55 2022 +0800
  
      init frontend project
